app/build/intermediates/manifest_merge_blame_file/debug/manifest-merger-blame-debug-report.txt
1<?xml version="1.0" encoding="utf-8"?>
2<manifest xmlns:android="http://schemas.android.com/apk/res/android"
3    package="com.pspdfkit.example"
4    android:versionCode="1"
5    android:versionName="1.0" >
6
7    <uses-sdk
8        android:minSdkVersion="21"
8-->src\main\AndroidManifest.xml
9        android:targetSdkVersion="29" />
9-->src\main\AndroidManifest.xml
10
11    <uses-permission android:name="android.permission.WRITE_EXTERNAL_STORAGE" />
11-->[com.pspdfkit:pspdfkit:7.0.0] AndroidManifest.xml:23:5-81
11-->[com.pspdfkit:pspdfkit:7.0.0] AndroidManifest.xml:23:22-78
12    <uses-permission android:name="android.permission.READ_EXTERNAL_STORAGE" />
12-->[com.pspdfkit:pspdfkit:7.0.0] AndroidManifest.xml:24:5-80
12-->[com.pspdfkit:pspdfkit:7.0.0] AndroidManifest.xml:24:22-77
13
14    <application
14-->src\main\AndroidManifest.xml:6:5-42:19
15        android:allowBackup="false"
15-->src\main\AndroidManifest.xml:7:9-36
16        android:appComponentFactory="androidx.core.app.CoreComponentFactory"
16-->[androidx.core:core:1.5.0] AndroidManifest.xml:24:18-86
17        android:debuggable="true"
18        android:icon="@drawable/bacain"
18-->src\main\AndroidManifest.xml:8:9-40
19        android:label="@string/app_name"
19-->src\main\AndroidManifest.xml:9:9-41
20        android:largeHeap="true"
20-->src\main\AndroidManifest.xml:10:9-33
21        android:roundIcon="@drawable/bacain"
21-->src\main\AndroidManifest.xml:11:9-45
22        android:testOnly="true"
23        android:theme="@style/AppTheme" >
23-->src\main\AndroidManifest.xml:12:9-40
24        <activity
24-->src\main\AndroidManifest.xml:14:9-22:20
25            android:name="com.bacain.app.AppIntro"
25-->src\main\AndroidManifest.xml:15:13-51
26            android:exported="true" >
26-->src\main\AndroidManifest.xml:16:13-36
27            <intent-filter>
27-->src\main\AndroidManifest.xml:17:13-21:29
28                <action android:name="android.intent.action.MAIN" />
28-->src\main\AndroidManifest.xml:18:17-69
28-->src\main\AndroidManifest.xml:18:25-66
29
30                <category android:name="android.intent.category.LAUNCHER" />
30-->src\main\AndroidManifest.xml:20:17-77
30-->src\main\AndroidManifest.xml:20:27-74
31            </intent-filter>
32        </activity>
33        <activity
33-->src\main\AndroidManifest.xml:25:9-33:20
34            android:name="com.bacain.app.MainActivity"
34-->src\main\AndroidManifest.xml:26:13-55
35            android:label="@string/app_name" >
35-->src\main\AndroidManifest.xml:27:13-45
36            <intent-filter>
36-->src\main\AndroidManifest.xml:28:13-32:29
37                <action android:name="android.intent.action.MAIN" />
37-->src\main\AndroidManifest.xml:18:17-69
37-->src\main\AndroidManifest.xml:18:25-66
38
39                <category android:name="android.intent.category.DEFAULT" />
39-->src\main\AndroidManifest.xml:31:17-76
39-->src\main\AndroidManifest.xml:31:27-73
40            </intent-filter>
41        </activity>
42        <activity
42-->src\main\AndroidManifest.xml:34:9-37:59
43            android:name="com.pspdfkit.ui.PdfActivity"
43-->src\main\AndroidManifest.xml:35:13-55
44            android:theme="@style/AppTheme"
44-->src\main\AndroidManifest.xml:36:13-44
45            android:windowSoftInputMode="adjustNothing" />
45-->src\main\AndroidManifest.xml:37:13-56
46
47        <meta-data
48            android:name="pspdfkit_license_key"
48-->src\main\AndroidManifest.xml:40:13-48
49            android:value="LICENSE_KEY_GOES_HERE" />
49-->src\main\AndroidManifest.xml:41:13-50
50        <!-- Printing pdf documents -->
51        <activity
51-->[com.pspdfkit:pspdfkit:7.0.0] AndroidManifest.xml:29:9-33:40
52            android:name="com.pspdfkit.document.printing.PrintActivity"
52-->[com.pspdfkit:pspdfkit:7.0.0] AndroidManifest.xml:30:13-72
53            android:configChanges="orientation|screenSize"
53-->[com.pspdfkit:pspdfkit:7.0.0] AndroidManifest.xml:31:13-59
54            android:excludeFromRecents="true"
54-->[com.pspdfkit:pspdfkit:7.0.0] AndroidManifest.xml:32:13-46
55            android:exported="false" /> <!-- Content provider used for initializing the library. -->
55-->[com.pspdfkit:pspdfkit:7.0.0] AndroidManifest.xml:33:13-37
56        <provider
56-->[com.pspdfkit:pspdfkit:7.0.0] AndroidManifest.xml:36:9-39:40
57            android:name="com.pspdfkit.PSPDFKitInitializationProvider"
57-->[com.pspdfkit:pspdfkit:7.0.0] AndroidManifest.xml:37:13-71
58            android:authorities="com.pspdfkit.example.com.pspdfkit.PSPDFKitInitializationProvider"
58-->[com.pspdfkit:pspdfkit:7.0.0] AndroidManifest.xml:38:13-95
59            android:exported="false" />
59-->[com.pspdfkit:pspdfkit:7.0.0] AndroidManifest.xml:39:13-37
60        <provider
60-->[com.pspdfkit:pspdfkit:7.0.0] AndroidManifest.xml:40:9-43:40
61            android:name="com.pspdfkit.media.AssetsContentProvider"
61-->[com.pspdfkit:pspdfkit:7.0.0] AndroidManifest.xml:41:13-68
62            android:authorities="com.pspdfkit.example.pdf.assets"
62-->[com.pspdfkit:pspdfkit:7.0.0] AndroidManifest.xml:42:13-62
63            android:exported="false" />
63-->[com.pspdfkit:pspdfkit:7.0.0] AndroidManifest.xml:43:13-37
64        <provider
64-->[com.pspdfkit:pspdfkit:7.0.0] AndroidManifest.xml:44:9-49:54
65            android:name="com.pspdfkit.document.sharing.DocumentSharingProvider"
65-->[com.pspdfkit:pspdfkit:7.0.0] AndroidManifest.xml:45:13-81
66            android:authorities="com.pspdfkit.example.pdf.share"
66-->[com.pspdfkit:pspdfkit:7.0.0] AndroidManifest.xml:46:13-61
67            android:exported="true"
67-->[com.pspdfkit:pspdfkit:7.0.0] AndroidManifest.xml:47:13-36
68            android:grantUriPermissions="true" />
68-->[com.pspdfkit:pspdfkit:7.0.0] AndroidManifest.xml:48:13-47
69    </application>
70
71</manifest>